<?xml version="1.0" encoding="UTF-8"?>
<!-- Generated by org.testng.reporters.JUnitReportReporter -->
<testsuite hostname="DESKTOP-CBAH624" failures="0" tests="1" name="com.OrangeHRM.TestCases.AdminPageTest" time="0.000" errors="0" timestamp="26 Nov 2024 16:58:11 GMT" skipped="1">
  <testcase classname="com.OrangeHRM.TestCases.AdminPageTest" name="ToCheckAdminPageSearch" time="0.000">
    <skipped/>
  </testcase> <!-- ToCheckAdminPageSearch -->
</testsuite> <!-- com.OrangeHRM.TestCases.AdminPageTest -->
