<?xml version="1.0" encoding="UTF-8"?>
<!-- Generated by org.testng.reporters.JUnitReportReporter -->
<testsuite hostname="DESKTOP-CBAH624" failures="0" tests="1" name="com.OrangeHRM.TestCases.RecuritmentPageTest" time="16.120" errors="0" timestamp="26 Nov 2024 16:34:25 GMT" skipped="0">
  <testcase classname="com.OrangeHRM.TestCases.RecuritmentPageTest" name="JobTitleRecuritment" time="16.120"/>
</testsuite> <!-- com.OrangeHRM.TestCases.RecuritmentPageTest -->
